#
# A fatal error has been detected by the Java Runtime Environment:
#
#  EXCEPTION_ACCESS_VIOLATION (0xc0000005) at pc=0x000000007110b5db, pid=12476, tid=12664
#
# JRE version: OpenJDK Runtime Environment JBR-11.0.9.1.11-1145.77-jcef (11.0.9.1+11) (build 11.0.9.1+11-b1145.77)
# Java VM: OpenJDK 64-Bit Server VM JBR-11.0.9.1.11-1145.77-jcef (11.0.9.1+11-b1145.77, mixed mode, tiered, compressed oops, g1 gc, windows-amd64)
# Problematic frame:
# C  [jSSC-2.8_x86_64.dll+0xb5db]
#
# No core dump will be written. Minidumps are not enabled by default on client versions of Windows
#
# If you would like to submit a bug report, please visit:
#   https://bugreport.java.com/bugreport/crash.jsp
# The crash happened outside the Java Virtual Machine in native code.
# See problematic frame for where to report the bug.
#

---------------  S U M M A R Y ------------

Command Line: -javaagent:C:\Program Files\JetBrains\IntelliJ IDEA 2019.3.3\lib\idea_rt.jar=59569:C:\Program Files\JetBrains\IntelliJ IDEA 2019.3.3\bin -Dfile.encoding=UTF-8 Read_String

Host: Intel(R) Core(TM) i7-8750H CPU @ 2.20GHz, 12 cores, 7G,  Windows 10 , 64 bit Build 19041 (10.0.19041.928)
Time: Sat Apr 24 15:33:57 2021 GTB Daylight Time elapsed time: 0.185145 seconds (0d 0h 0m 0s)

---------------  T H R E A D  ---------------

Current thread (0x00000200085da000):  JavaThread "main" [_thread_in_native, id=12664, stack(0x0000003929100000,0x0000003929200000)]

Stack: [0x0000003929100000,0x0000003929200000],  sp=0x00000039291ff0b0,  free space=1020k
Native frames: (J=compiled Java code, j=interpreted, Vv=VM code, C=native code)
C  [jSSC-2.8_x86_64.dll+0xb5db]

Java frames: (J=compiled Java code, j=interpreted, Vv=VM code)
j  jssc.SerialNativeInterface.openPort(Ljava/lang/String;Z)J+0
j  jssc.SerialPort.openPort()Z+65
j  Read_String.connect(Ljava/lang/String;)V+10
j  Read_String.main([Ljava/lang/String;)V+39
v  ~StubRoutines::call_stub

siginfo: EXCEPTION_ACCESS_VIOLATION (0xc0000005), reading address 0x0000000006da1e90


Register to memory mapping:

RIP=0x000000007110b5db jSSC-2.8_x86_64.dll
RAX=0x0000000006da1e90 is an unknown value
RBX=0x00000039291ff120 is pointing into the stack for thread: 0x00000200085da000
RCX=0x00007ffdf714cf04 ntdll.dll
RDX=0x0 is NULL
RSP=0x00000039291ff0b0 is pointing into the stack for thread: 0x00000200085da000
RBP=0x00000039291ff230 is pointing into the stack for thread: 0x00000200085da000
RSI=0x00000200085da340 points into unknown readable memory: 90 4c 70 7d fd 7f 00 00
RDI=0x000000000000049c is an unknown value
R8 =0x00000039291fefa8 is pointing into the stack for thread: 0x00000200085da000
R9 =0x00000039291ff0a0 is pointing into the stack for thread: 0x00000200085da000
R10=0x0 is NULL
R11=0x0000000000000246 is an unknown value
R12=0x00000039291ff2f0 is pointing into the stack for thread: 0x00000200085da000
R13=0x00000200242a1500 points into unknown readable memory: 43 4f 4d 33 00 61 2f 75
R14=0x00000039291ff1e0 is pointing into the stack for thread: 0x00000200085da000
R15=0x00000200085da000 is a thread


Registers:
RAX=0x0000000006da1e90, RBX=0x00000039291ff120, RCX=0x00007ffdf714cf04, RDX=0x0000000000000000
RSP=0x00000039291ff0b0, RBP=0x00000039291ff230, RSI=0x00000200085da340, RDI=0x000000000000049c
R8 =0x00000039291fefa8, R9 =0x00000039291ff0a0, R10=0x0000000000000000, R11=0x0000000000000246
R12=0x00000039291ff2f0, R13=0x00000200242a1500, R14=0x00000039291ff1e0, R15=0x00000200085da000
RIP=0x000000007110b5db, EFLAGS=0x0000000000010202

Top of Stack: (sp=0x00000039291ff0b0)
0x00000039291ff0b0:   00000200242bb1c0 00000200242a1280
0x00000039291ff0c0:   000000007110b230 0000020006c40000
0x00000039291ff0d0:   0000020006b80000 0000000000000004
0x00000039291ff0e0:   00000200085da340 000000000000049c
0x00000039291ff0f0:   00000039291ff230 0000000071112590
0x00000039291ff100:   00000200085da000 00000039291ff1e0
0x00000039291ff110:   00000200242a1500 00000039291ff2f0
0x00000039291ff120:   00000200242a1500 00007ffdf70d47b1
0x00000039291ff130:   00000039291ff160 0000020006c40000
0x00000039291ff140:   00000039291ff230 0000000000000000
0x00000039291ff150:   0000000071113500 0000000071113be8
0x00000039291ff160:   00000039291ff190 0000000071112641
0x00000039291ff170:   00000039291ff100 00000200085da340
0x00000039291ff180:   0000000000000000 0000000000000000
0x00000039291ff190:   00000039291ff230 0000000071101595
0x00000039291ff1a0:   000000000000001c 0000020000000000 

Instructions: (pc=0x000000007110b5db)
0x000000007110b4db:   48 85 c0 74 bf 44 8b 03 45 85 c0 0f 84 77 ff ff
0x000000007110b4eb:   ff eb 9f 66 90 e8 8b fe ff ff 48 89 05 0c 34 01
0x000000007110b4fb:   00 eb ad 66 90 e8 7b fe ff ff 48 89 05 fc 33 01
0x000000007110b50b:   00 eb 8b e8 8d fe ff ff c7 03 01 00 00 00 e9 6f
0x000000007110b51b:   ff ff ff 66 90 55 48 89 e5 56 53 48 83 ec 20 48
0x000000007110b52b:   8b 05 d7 33 01 00 48 8b 31 48 89 cb 48 85 c0 74
0x000000007110b53b:   56 44 8b 18 45 85 db 78 42 48 8b 05 bd 33 01 00
0x000000007110b54b:   48 85 c0 74 50 44 8b 10 45 85 d2 74 1d 48 89 f1
0x000000007110b55b:   e8 d0 fd ff ff 48 8b 13 48 8d 42 40 48 8b 48 08
0x000000007110b56b:   48 8b 6a 40 48 8b 60 10 ff e1 48 8b 05 9c 33 01
0x000000007110b57b:   00 48 85 c0 74 2d 48 89 30 eb da e8 b5 fe ff ff
0x000000007110b58b:   0f 1f 44 00 00 eb b2 e8 e9 fd ff ff 48 89 05 6a
0x000000007110b59b:   33 01 00 eb 9c e8 db fd ff ff 48 89 05 5c 33 01
0x000000007110b5ab:   00 eb a2 e8 3d fd ff ff 48 89 05 5e 33 01 00 eb
0x000000007110b5bb:   c5 0f 1f 40 00 55 57 56 53 48 83 ec 28 48 8b 05
0x000000007110b5cb:   39 33 01 00 48 89 cb 48 85 c0 0f 84 c5 00 00 00
0x000000007110b5db:   8b 38 85 ff 0f 88 ab 00 00 00 48 8b 05 1c 33 01
0x000000007110b5eb:   00 48 85 c0 0f 84 bc 00 00 00 8b 30 85 f6 74 57
0x000000007110b5fb:   48 8b 05 0e 33 01 00 48 85 c0 0f 84 e5 00 00 00
0x000000007110b60b:   8b 28 48 8b 35 10 5e 01 00 ff d6 89 c7 89 e9 ff
0x000000007110b61b:   15 f4 5e 01 00 89 f9 48 89 c5 ff 15 b9 5e 01 00
0x000000007110b62b:   48 8b 05 de 32 01 00 48 89 2b 48 85 c0 74 46 48
0x000000007110b63b:   89 da 8b 08 ff 15 d7 5e 01 00 85 c0 74 27 48 83
0x000000007110b64b:   c4 28 5b 5e 5f 5d c3 48 8b 05 bf 32 01 00 48 85
0x000000007110b65b:   c0 74 64 48 8b 10 48 89 13 48 89 18 48 83 c4 28
0x000000007110b66b:   5b 5e 5f 5d c3 48 89 f2 48 83 c4 28 5b 5e 5f 5d
0x000000007110b67b:   48 ff e2 66 90 e8 8b fc ff ff 48 89 05 84 32 01
0x000000007110b68b:   00 eb ac 66 90 e8 ab fd ff ff e9 4b ff ff ff 66
0x000000007110b69b:   0f 1f 44 00 00 e8 db fc ff ff 48 89 05 5c 32 01
0x000000007110b6ab:   00 e9 2a ff ff ff e8 ca fc ff ff 48 89 05 4b 32
0x000000007110b6bb:   01 00 e9 33 ff ff ff e8 29 fc ff ff 48 89 05 4a
0x000000007110b6cb:   32 01 00 48 8b 10 48 85 c0 48 89 13 75 8b e8 12 


Stack slot to memory mapping:
stack at sp + 0 slots: 0x00000200242bb1c0 points into unknown readable memory: 5c 00 5c 00 2e 00 5c 00
stack at sp + 1 slots: 0x00000200242a1280 points into unknown readable memory: 70 9f 23 24 00 02 00 00
stack at sp + 2 slots: 0x000000007110b230 jSSC-2.8_x86_64.dll
stack at sp + 3 slots: 0x0000020006c40000 points into unknown readable memory: 00 00 00 00 00 00 00 00
stack at sp + 4 slots: 0x0000020006b80000 points into unknown readable memory: 00 00 00 00 00 00 00 00
stack at sp + 5 slots: 0x0000000000000004 is an unknown value
stack at sp + 6 slots: 0x00000200085da340 points into unknown readable memory: 90 4c 70 7d fd 7f 00 00
stack at sp + 7 slots: 0x000000000000049c is an unknown value


---------------  P R O C E S S  ---------------

Threads class SMR info:
_java_thread_list=0x0000020024238f80, length=12, elements={
0x00000200085da000, 0x0000020023632000, 0x000002002363b000, 0x0000020023649800,
0x000002002364c800, 0x000002002364e800, 0x0000020023652000, 0x0000020023657000,
0x00000200235c8800, 0x00000200240a6000, 0x0000020024399800, 0x000002002439a000
}

Java Threads: ( => current thread )
=>0x00000200085da000 JavaThread "main" [_thread_in_native, id=12664, stack(0x0000003929100000,0x0000003929200000)]
  0x0000020023632000 JavaThread "Reference Handler" daemon [_thread_blocked, id=18752, stack(0x0000003929800000,0x0000003929900000)]
  0x000002002363b000 JavaThread "Finalizer" daemon [_thread_blocked, id=4324, stack(0x0000003929900000,0x0000003929a00000)]
  0x0000020023649800 JavaThread "Signal Dispatcher" daemon [_thread_blocked, id=2256, stack(0x0000003929a00000,0x0000003929b00000)]
  0x000002002364c800 JavaThread "Attach Listener" daemon [_thread_blocked, id=13172, stack(0x0000003929b00000,0x0000003929c00000)]
  0x000002002364e800 JavaThread "C2 CompilerThread0" daemon [_thread_blocked, id=14780, stack(0x0000003929c00000,0x0000003929d00000)]
  0x0000020023652000 JavaThread "C1 CompilerThread0" daemon [_thread_blocked, id=20108, stack(0x0000003929d00000,0x0000003929e00000)]
  0x0000020023657000 JavaThread "Sweeper thread" daemon [_thread_blocked, id=7536, stack(0x0000003929e00000,0x0000003929f00000)]
  0x00000200235c8800 JavaThread "Common-Cleaner" daemon [_thread_blocked, id=19516, stack(0x0000003929f00000,0x000000392a000000)]
  0x00000200240a6000 JavaThread "C2 CompilerThread1" daemon [_thread_blocked, id=4740, stack(0x000000392a000000,0x000000392a100000)]
  0x0000020024399800 JavaThread "Monitor Ctrl-Break" daemon [_thread_in_native, id=3932, stack(0x000000392a100000,0x000000392a200000)]
  0x000002002439a000 JavaThread "Service Thread" daemon [_thread_blocked, id=19028, stack(0x000000392a200000,0x000000392a300000)]

Other Threads:
  0x000002002360d800 VMThread "VM Thread" [stack: 0x0000003929700000,0x0000003929800000] [id=10572]
  0x0000020024222000 WatcherThread [stack: 0x000000392a300000,0x000000392a400000] [id=18852]
  0x00000200085f3800 GCTaskThread "GC Thread#0" [stack: 0x0000003929200000,0x0000003929300000] [id=21676]
  0x0000020008624000 ConcurrentGCThread "G1 Main Marker" [stack: 0x0000003929300000,0x0000003929400000] [id=13828]
  0x0000020008626800 ConcurrentGCThread "G1 Conc#0" [stack: 0x0000003929400000,0x0000003929500000] [id=22052]
  0x00000200086bd800 ConcurrentGCThread "G1 Refine#0" [stack: 0x0000003929500000,0x0000003929600000] [id=11300]
  0x0000020023470800 ConcurrentGCThread "G1 Young RemSet Sampling" [stack: 0x0000003929600000,0x0000003929700000] [id=22432]

Threads with active compile tasks:

VM state:not at safepoint (normal execution)

VM Mutex/Monitor currently owned by a thread: None

Heap address: 0x0000000082400000, size: 2012 MB, Compressed Oops mode: 32-bit
Narrow klass base: 0x0000000000000000, Narrow klass shift: 3
Compressed class space size: 1073741824 Address: 0x0000000100000000

Heap:
 garbage-first heap   total 129024K, used 2048K [0x0000000082400000, 0x0000000100000000)
  region size 1024K, 3 young (3072K), 0 survivors (0K)
 Metaspace       used 6654K, capacity 6771K, committed 6784K, reserved 1056768K
  class space    used 585K, capacity 638K, committed 640K, reserved 1048576K
Heap Regions: E=young(eden), S=young(survivor), O=old, HS=humongous(starts), HC=humongous(continues), CS=collection set, F=free, A=archive, TAMS=top-at-mark-start (previous, next)
|   0|0x0000000082400000, 0x0000000082400000, 0x0000000082500000|  0%| F|  |TAMS 0x0000000082400000, 0x0000000082400000| Untracked 
|   1|0x0000000082500000, 0x0000000082500000, 0x0000000082600000|  0%| F|  |TAMS 0x0000000082500000, 0x0000000082500000| Untracked 
|   2|0x0000000082600000, 0x0000000082600000, 0x0000000082700000|  0%| F|  |TAMS 0x0000000082600000, 0x0000000082600000| Untracked 
|   3|0x0000000082700000, 0x0000000082700000, 0x0000000082800000|  0%| F|  |TAMS 0x0000000082700000, 0x0000000082700000| Untracked 
|   4|0x0000000082800000, 0x0000000082800000, 0x0000000082900000|  0%| F|  |TAMS 0x0000000082800000, 0x0000000082800000| Untracked 
|   5|0x0000000082900000, 0x0000000082900000, 0x0000000082a00000|  0%| F|  |TAMS 0x0000000082900000, 0x0000000082900000| Untracked 
|   6|0x0000000082a00000, 0x0000000082a00000, 0x0000000082b00000|  0%| F|  |TAMS 0x0000000082a00000, 0x0000000082a00000| Untracked 
|   7|0x0000000082b00000, 0x0000000082b00000, 0x0000000082c00000|  0%| F|  |TAMS 0x0000000082b00000, 0x0000000082b00000| Untracked 
|   8|0x0000000082c00000, 0x0000000082c00000, 0x0000000082d00000|  0%| F|  |TAMS 0x0000000082c00000, 0x0000000082c00000| Untracked 
|   9|0x0000000082d00000, 0x0000000082d00000, 0x0000000082e00000|  0%| F|  |TAMS 0x0000000082d00000, 0x0000000082d00000| Untracked 
|  10|0x0000000082e00000, 0x0000000082e00000, 0x0000000082f00000|  0%| F|  |TAMS 0x0000000082e00000, 0x0000000082e00000| Untracked 
|  11|0x0000000082f00000, 0x0000000082f00000, 0x0000000083000000|  0%| F|  |TAMS 0x0000000082f00000, 0x0000000082f00000| Untracked 
|  12|0x0000000083000000, 0x0000000083000000, 0x0000000083100000|  0%| F|  |TAMS 0x0000000083000000, 0x0000000083000000| Untracked 
|  13|0x0000000083100000, 0x0000000083100000, 0x0000000083200000|  0%| F|  |TAMS 0x0000000083100000, 0x0000000083100000| Untracked 
|  14|0x0000000083200000, 0x0000000083200000, 0x0000000083300000|  0%| F|  |TAMS 0x0000000083200000, 0x0000000083200000| Untracked 
|  15|0x0000000083300000, 0x0000000083300000, 0x0000000083400000|  0%| F|  |TAMS 0x0000000083300000, 0x0000000083300000| Untracked 
|  16|0x0000000083400000, 0x0000000083400000, 0x0000000083500000|  0%| F|  |TAMS 0x0000000083400000, 0x0000000083400000| Untracked 
|  17|0x0000000083500000, 0x0000000083500000, 0x0000000083600000|  0%| F|  |TAMS 0x0000000083500000, 0x0000000083500000| Untracked 
|  18|0x0000000083600000, 0x0000000083600000, 0x0000000083700000|  0%| F|  |TAMS 0x0000000083600000, 0x0000000083600000| Untracked 
|  19|0x0000000083700000, 0x0000000083700000, 0x0000000083800000|  0%| F|  |TAMS 0x0000000083700000, 0x0000000083700000| Untracked 
|  20|0x0000000083800000, 0x0000000083800000, 0x0000000083900000|  0%| F|  |TAMS 0x0000000083800000, 0x0000000083800000| Untracked 
|  21|0x0000000083900000, 0x0000000083900000, 0x0000000083a00000|  0%| F|  |TAMS 0x0000000083900000, 0x0000000083900000| Untracked 
|  22|0x0000000083a00000, 0x0000000083a00000, 0x0000000083b00000|  0%| F|  |TAMS 0x0000000083a00000, 0x0000000083a00000| Untracked 
|  23|0x0000000083b00000, 0x0000000083b00000, 0x0000000083c00000|  0%| F|  |TAMS 0x0000000083b00000, 0x0000000083b00000| Untracked 
|  24|0x0000000083c00000, 0x0000000083c00000, 0x0000000083d00000|  0%| F|  |TAMS 0x0000000083c00000, 0x0000000083c00000| Untracked 
|  25|0x0000000083d00000, 0x0000000083d00000, 0x0000000083e00000|  0%| F|  |TAMS 0x0000000083d00000, 0x0000000083d00000| Untracked 
|  26|0x0000000083e00000, 0x0000000083e00000, 0x0000000083f00000|  0%| F|  |TAMS 0x0000000083e00000, 0x0000000083e00000| Untracked 
|  27|0x0000000083f00000, 0x0000000083f00000, 0x0000000084000000|  0%| F|  |TAMS 0x0000000083f00000, 0x0000000083f00000| Untracked 
|  28|0x0000000084000000, 0x0000000084000000, 0x0000000084100000|  0%| F|  |TAMS 0x0000000084000000, 0x0000000084000000| Untracked 
|  29|0x0000000084100000, 0x0000000084100000, 0x0000000084200000|  0%| F|  |TAMS 0x0000000084100000, 0x0000000084100000| Untracked 
|  30|0x0000000084200000, 0x0000000084200000, 0x0000000084300000|  0%| F|  |TAMS 0x0000000084200000, 0x0000000084200000| Untracked 
|  31|0x0000000084300000, 0x0000000084300000, 0x0000000084400000|  0%| F|  |TAMS 0x0000000084300000, 0x0000000084300000| Untracked 
|  32|0x0000000084400000, 0x0000000084400000, 0x0000000084500000|  0%| F|  |TAMS 0x0000000084400000, 0x0000000084400000| Untracked 
|  33|0x0000000084500000, 0x0000000084500000, 0x0000000084600000|  0%| F|  |TAMS 0x0000000084500000, 0x0000000084500000| Untracked 
|  34|0x0000000084600000, 0x0000000084600000, 0x0000000084700000|  0%| F|  |TAMS 0x0000000084600000, 0x0000000084600000| Untracked 
|  35|0x0000000084700000, 0x0000000084700000, 0x0000000084800000|  0%| F|  |TAMS 0x0000000084700000, 0x0000000084700000| Untracked 
|  36|0x0000000084800000, 0x0000000084800000, 0x0000000084900000|  0%| F|  |TAMS 0x0000000084800000, 0x0000000084800000| Untracked 
|  37|0x0000000084900000, 0x0000000084900000, 0x0000000084a00000|  0%| F|  |TAMS 0x0000000084900000, 0x0000000084900000| Untracked 
|  38|0x0000000084a00000, 0x0000000084a00000, 0x0000000084b00000|  0%| F|  |TAMS 0x0000000084a00000, 0x0000000084a00000| Untracked 
|  39|0x0000000084b00000, 0x0000000084b00000, 0x0000000084c00000|  0%| F|  |TAMS 0x0000000084b00000, 0x0000000084b00000| Untracked 
|  40|0x0000000084c00000, 0x0000000084c00000, 0x0000000084d00000|  0%| F|  |TAMS 0x0000000084c00000, 0x0000000084c00000| Untracked 
|  41|0x0000000084d00000, 0x0000000084d00000, 0x0000000084e00000|  0%| F|  |TAMS 0x0000000084d00000, 0x0000000084d00000| Untracked 
|  42|0x0000000084e00000, 0x0000000084e00000, 0x0000000084f00000|  0%| F|  |TAMS 0x0000000084e00000, 0x0000000084e00000| Untracked 
|  43|0x0000000084f00000, 0x0000000084f00000, 0x0000000085000000|  0%| F|  |TAMS 0x0000000084f00000, 0x0000000084f00000| Untracked 
|  44|0x0000000085000000, 0x0000000085000000, 0x0000000085100000|  0%| F|  |TAMS 0x0000000085000000, 0x0000000085000000| Untracked 
|  45|0x0000000085100000, 0x0000000085100000, 0x0000000085200000|  0%| F|  |TAMS 0x0000000085100000, 0x0000000085100000| Untracked 
|  46|0x0000000085200000, 0x0000000085200000, 0x0000000085300000|  0%| F|  |TAMS 0x0000000085200000, 0x0000000085200000| Untracked 
|  47|0x0000000085300000, 0x0000000085300000, 0x0000000085400000|  0%| F|  |TAMS 0x0000000085300000, 0x0000000085300000| Untracked 
|  48|0x0000000085400000, 0x0000000085400000, 0x0000000085500000|  0%| F|  |TAMS 0x0000000085400000, 0x0000000085400000| Untracked 
|  49|0x0000000085500000, 0x0000000085500000, 0x0000000085600000|  0%| F|  |TAMS 0x0000000085500000, 0x0000000085500000| Untracked 
|  50|0x0000000085600000, 0x0000000085600000, 0x0000000085700000|  0%| F|  |TAMS 0x0000000085600000, 0x0000000085600000| Untracked 
|  51|0x0000000085700000, 0x0000000085700000, 0x0000000085800000|  0%| F|  |TAMS 0x0000000085700000, 0x0000000085700000| Untracked 
|  52|0x0000000085800000, 0x0000000085800000, 0x0000000085900000|  0%| F|  |TAMS 0x0000000085800000, 0x0000000085800000| Untracked 
|  53|0x0000000085900000, 0x0000000085900000, 0x0000000085a00000|  0%| F|  |TAMS 0x0000000085900000, 0x0000000085900000| Untracked 
|  54|0x0000000085a00000, 0x0000000085a00000, 0x0000000085b00000|  0%| F|  |TAMS 0x0000000085a00000, 0x0000000085a00000| Untracked 
|  55|0x0000000085b00000, 0x0000000085b00000, 0x0000000085c00000|  0%| F|  |TAMS 0x0000000085b00000, 0x0000000085b00000| Untracked 
|  56|0x0000000085c00000, 0x0000000085c00000, 0x0000000085d00000|  0%| F|  |TAMS 0x0000000085c00000, 0x0000000085c00000| Untracked 
|  57|0x0000000085d00000, 0x0000000085d00000, 0x0000000085e00000|  0%| F|  |TAMS 0x0000000085d00000, 0x0000000085d00000| Untracked 
|  58|0x0000000085e00000, 0x0000000085e00000, 0x0000000085f00000|  0%| F|  |TAMS 0x0000000085e00000, 0x0000000085e00000| Untracked 
|  59|0x0000000085f00000, 0x0000000085f00000, 0x0000000086000000|  0%| F|  |TAMS 0x0000000085f00000, 0x0000000085f00000| Untracked 
|  60|0x0000000086000000, 0x0000000086000000, 0x0000000086100000|  0%| F|  |TAMS 0x0000000086000000, 0x0000000086000000| Untracked 
|  61|0x0000000086100000, 0x0000000086100000, 0x0000000086200000|  0%| F|  |TAMS 0x0000000086100000, 0x0000000086100000| Untracked 
|  62|0x0000000086200000, 0x0000000086200000, 0x0000000086300000|  0%| F|  |TAMS 0x0000000086200000, 0x0000000086200000| Untracked 
|  63|0x0000000086300000, 0x0000000086300000, 0x0000000086400000|  0%| F|  |TAMS 0x0000000086300000, 0x0000000086300000| Untracked 
|  64|0x0000000086400000, 0x0000000086400000, 0x0000000086500000|  0%| F|  |TAMS 0x0000000086400000, 0x0000000086400000| Untracked 
|  65|0x0000000086500000, 0x0000000086500000, 0x0000000086600000|  0%| F|  |TAMS 0x0000000086500000, 0x0000000086500000| Untracked 
|  66|0x0000000086600000, 0x0000000086600000, 0x0000000086700000|  0%| F|  |TAMS 0x0000000086600000, 0x0000000086600000| Untracked 
|  67|0x0000000086700000, 0x0000000086700000, 0x0000000086800000|  0%| F|  |TAMS 0x0000000086700000, 0x0000000086700000| Untracked 
|  68|0x0000000086800000, 0x0000000086800000, 0x0000000086900000|  0%| F|  |TAMS 0x0000000086800000, 0x0000000086800000| Untracked 
|  69|0x0000000086900000, 0x0000000086900000, 0x0000000086a00000|  0%| F|  |TAMS 0x0000000086900000, 0x0000000086900000| Untracked 
|  70|0x0000000086a00000, 0x0000000086a00000, 0x0000000086b00000|  0%| F|  |TAMS 0x0000000086a00000, 0x0000000086a00000| Untracked 
|  71|0x0000000086b00000, 0x0000000086b00000, 0x0000000086c00000|  0%| F|  |TAMS 0x0000000086b00000, 0x0000000086b00000| Untracked 
|  72|0x0000000086c00000, 0x0000000086c00000, 0x0000000086d00000|  0%| F|  |TAMS 0x0000000086c00000, 0x0000000086c00000| Untracked 
|  73|0x0000000086d00000, 0x0000000086d00000, 0x0000000086e00000|  0%| F|  |TAMS 0x0000000086d00000, 0x0000000086d00000| Untracked 
|  74|0x0000000086e00000, 0x0000000086e00000, 0x0000000086f00000|  0%| F|  |TAMS 0x0000000086e00000, 0x0000000086e00000| Untracked 
|  75|0x0000000086f00000, 0x0000000086f00000, 0x0000000087000000|  0%| F|  |TAMS 0x0000000086f00000, 0x0000000086f00000| Untracked 
|  76|0x0000000087000000, 0x0000000087000000, 0x0000000087100000|  0%| F|  |TAMS 0x0000000087000000, 0x0000000087000000| Untracked 
|  77|0x0000000087100000, 0x0000000087100000, 0x0000000087200000|  0%| F|  |TAMS 0x0000000087100000, 0x0000000087100000| Untracked 
|  78|0x0000000087200000, 0x0000000087200000, 0x0000000087300000|  0%| F|  |TAMS 0x0000000087200000, 0x0000000087200000| Untracked 
|  79|0x0000000087300000, 0x0000000087300000, 0x0000000087400000|  0%| F|  |TAMS 0x0000000087300000, 0x0000000087300000| Untracked 
|  80|0x0000000087400000, 0x0000000087400000, 0x0000000087500000|  0%| F|  |TAMS 0x0000000087400000, 0x0000000087400000| Untracked 
|  81|0x0000000087500000, 0x0000000087500000, 0x0000000087600000|  0%| F|  |TAMS 0x0000000087500000, 0x0000000087500000| Untracked 
|  82|0x0000000087600000, 0x0000000087600000, 0x0000000087700000|  0%| F|  |TAMS 0x0000000087600000, 0x0000000087600000| Untracked 
|  83|0x0000000087700000, 0x0000000087700000, 0x0000000087800000|  0%| F|  |TAMS 0x0000000087700000, 0x0000000087700000| Untracked 
|  84|0x0000000087800000, 0x0000000087800000, 0x0000000087900000|  0%| F|  |TAMS 0x0000000087800000, 0x0000000087800000| Untracked 
|  85|0x0000000087900000, 0x0000000087900000, 0x0000000087a00000|  0%| F|  |TAMS 0x0000000087900000, 0x0000000087900000| Untracked 
|  86|0x0000000087a00000, 0x0000000087a00000, 0x0000000087b00000|  0%| F|  |TAMS 0x0000000087a00000, 0x0000000087a00000| Untracked 
|  87|0x0000000087b00000, 0x0000000087b00000, 0x0000000087c00000|  0%| F|  |TAMS 0x0000000087b00000, 0x0000000087b00000| Untracked 
|  88|0x0000000087c00000, 0x0000000087c00000, 0x0000000087d00000|  0%| F|  |TAMS 0x0000000087c00000, 0x0000000087c00000| Untracked 
|  89|0x0000000087d00000, 0x0000000087d00000, 0x0000000087e00000|  0%| F|  |TAMS 0x0000000087d00000, 0x0000000087d00000| Untracked 
|  90|0x0000000087e00000, 0x0000000087e00000, 0x0000000087f00000|  0%| F|  |TAMS 0x0000000087e00000, 0x0000000087e00000| Untracked 
|  91|0x0000000087f00000, 0x0000000087f00000, 0x0000000088000000|  0%| F|  |TAMS 0x0000000087f00000, 0x0000000087f00000| Untracked 
|  92|0x0000000088000000, 0x0000000088000000, 0x0000000088100000|  0%| F|  |TAMS 0x0000000088000000, 0x0000000088000000| Untracked 
|  93|0x0000000088100000, 0x0000000088100000, 0x0000000088200000|  0%| F|  |TAMS 0x0000000088100000, 0x0000000088100000| Untracked 
|  94|0x0000000088200000, 0x0000000088200000, 0x0000000088300000|  0%| F|  |TAMS 0x0000000088200000, 0x0000000088200000| Untracked 
|  95|0x0000000088300000, 0x0000000088300000, 0x0000000088400000|  0%| F|  |TAMS 0x0000000088300000, 0x0000000088300000| Untracked 
|  96|0x0000000088400000, 0x0000000088400000, 0x0000000088500000|  0%| F|  |TAMS 0x0000000088400000, 0x0000000088400000| Untracked 
|  97|0x0000000088500000, 0x0000000088500000, 0x0000000088600000|  0%| F|  |TAMS 0x0000000088500000, 0x0000000088500000| Untracked 
|  98|0x0000000088600000, 0x0000000088600000, 0x0000000088700000|  0%| F|  |TAMS 0x0000000088600000, 0x0000000088600000| Untracked 
|  99|0x0000000088700000, 0x0000000088700000, 0x0000000088800000|  0%| F|  |TAMS 0x0000000088700000, 0x0000000088700000| Untracked 
| 100|0x0000000088800000, 0x0000000088800000, 0x0000000088900000|  0%| F|  |TAMS 0x0000000088800000, 0x0000000088800000| Untracked 
| 101|0x0000000088900000, 0x0000000088900000, 0x0000000088a00000|  0%| F|  |TAMS 0x0000000088900000, 0x0000000088900000| Untracked 
| 102|0x0000000088a00000, 0x0000000088a00000, 0x0000000088b00000|  0%| F|  |TAMS 0x0000000088a00000, 0x0000000088a00000| Untracked 
| 103|0x0000000088b00000, 0x0000000088b00000, 0x0000000088c00000|  0%| F|  |TAMS 0x0000000088b00000, 0x0000000088b00000| Untracked 
| 104|0x0000000088c00000, 0x0000000088c00000, 0x0000000088d00000|  0%| F|  |TAMS 0x0000000088c00000, 0x0000000088c00000| Untracked 
| 105|0x0000000088d00000, 0x0000000088d00000, 0x0000000088e00000|  0%| F|  |TAMS 0x0000000088d00000, 0x0000000088d00000| Untracked 
| 106|0x0000000088e00000, 0x0000000088e00000, 0x0000000088f00000|  0%| F|  |TAMS 0x0000000088e00000, 0x0000000088e00000| Untracked 
| 107|0x0000000088f00000, 0x0000000088f00000, 0x0000000089000000|  0%| F|  |TAMS 0x0000000088f00000, 0x0000000088f00000| Untracked 
| 108|0x0000000089000000, 0x0000000089000000, 0x0000000089100000|  0%| F|  |TAMS 0x0000000089000000, 0x0000000089000000| Untracked 
| 109|0x0000000089100000, 0x0000000089100000, 0x0000000089200000|  0%| F|  |TAMS 0x0000000089100000, 0x0000000089100000| Untracked 
| 110|0x0000000089200000, 0x0000000089200000, 0x0000000089300000|  0%| F|  |TAMS 0x0000000089200000, 0x0000000089200000| Untracked 
| 111|0x0000000089300000, 0x0000000089300000, 0x0000000089400000|  0%| F|  |TAMS 0x0000000089300000, 0x0000000089300000| Untracked 
| 112|0x0000000089400000, 0x0000000089400000, 0x0000000089500000|  0%| F|  |TAMS 0x0000000089400000, 0x0000000089400000| Untracked 
| 113|0x0000000089500000, 0x0000000089500000, 0x0000000089600000|  0%| F|  |TAMS 0x0000000089500000, 0x0000000089500000| Untracked 
| 114|0x0000000089600000, 0x0000000089600000, 0x0000000089700000|  0%| F|  |TAMS 0x0000000089600000, 0x0000000089600000| Untracked 
| 115|0x0000000089700000, 0x0000000089700000, 0x0000000089800000|  0%| F|  |TAMS 0x0000000089700000, 0x0000000089700000| Untracked 
| 116|0x0000000089800000, 0x0000000089800000, 0x0000000089900000|  0%| F|  |TAMS 0x0000000089800000, 0x0000000089800000| Untracked 
| 117|0x0000000089900000, 0x0000000089900000, 0x0000000089a00000|  0%| F|  |TAMS 0x0000000089900000, 0x0000000089900000| Untracked 
| 118|0x0000000089a00000, 0x0000000089a00000, 0x0000000089b00000|  0%| F|  |TAMS 0x0000000089a00000, 0x0000000089a00000| Untracked 
| 119|0x0000000089b00000, 0x0000000089b00000, 0x0000000089c00000|  0%| F|  |TAMS 0x0000000089b00000, 0x0000000089b00000| Untracked 
| 120|0x0000000089c00000, 0x0000000089c00000, 0x0000000089d00000|  0%| F|  |TAMS 0x0000000089c00000, 0x0000000089c00000| Untracked 
| 121|0x0000000089d00000, 0x0000000089d00000, 0x0000000089e00000|  0%| F|  |TAMS 0x0000000089d00000, 0x0000000089d00000| Untracked 
| 122|0x0000000089e00000, 0x0000000089e00000, 0x0000000089f00000|  0%| F|  |TAMS 0x0000000089e00000, 0x0000000089e00000| Untracked 
| 123|0x0000000089f00000, 0x0000000089ff8840, 0x000000008a000000| 97%| E|  |TAMS 0x0000000089f00000, 0x0000000089f00000| Complete 
| 124|0x000000008a000000, 0x000000008a100000, 0x000000008a100000|100%| E|CS|TAMS 0x000000008a000000, 0x000000008a000000| Complete 
| 125|0x000000008a100000, 0x000000008a200000, 0x000000008a200000|100%| E|CS|TAMS 0x000000008a100000, 0x000000008a100000| Complete 

Card table byte_map: [0x000002001c270000,0x000002001c660000] _byte_map_base: 0x000002001be5e000

Marking Bits (Prev, Next): (CMBitMap*) 0x000002000861b8a8, (CMBitMap*) 0x000002000861b8e0
 Prev Bits: [0x000002001ca50000, 0x000002001e9c0000)
 Next Bits: [0x000002001e9c0000, 0x0000020020930000)

Polling page: 0x0000020006c20000

Metaspace:

Usage:
  Non-class:      5.99 MB capacity,     5.93 MB ( 99%) used,    60.86 KB ( <1%) free+waste,     3.81 KB ( <1%) overhead. 
      Class:    638.00 KB capacity,   585.95 KB ( 92%) used,    50.18 KB (  8%) free+waste,     1.88 KB ( <1%) overhead. 
       Both:      6.61 MB capacity,     6.50 MB ( 98%) used,   111.04 KB (  2%) free+waste,     5.69 KB ( <1%) overhead. 

Virtual space:
  Non-class space:        8.00 MB reserved,       6.00 MB ( 75%) committed 
      Class space:        1.00 GB reserved,     640.00 KB ( <1%) committed 
             Both:        1.01 GB reserved,       6.63 MB ( <1%) committed 

Chunk freelists:
   Non-Class:  11.00 KB
       Class:  2.00 KB
        Both:  13.00 KB

MaxMetaspaceSize: 17179869184.00 GB
CompressedClassSpaceSize: 1.00 GB

CodeHeap 'non-profiled nmethods': size=120000Kb used=53Kb max_used=53Kb free=119947Kb
 bounds [0x0000020013cc0000, 0x0000020013f30000, 0x000002001b1f0000]
CodeHeap 'profiled nmethods': size=120000Kb used=223Kb max_used=223Kb free=119776Kb
 bounds [0x000002000c790000, 0x000002000ca00000, 0x0000020013cc0000]
CodeHeap 'non-nmethods': size=5760Kb used=1052Kb max_used=1052Kb free=4708Kb
 bounds [0x000002000c1f0000, 0x000002000c460000, 0x000002000c790000]
 total_blobs=532 nmethods=188 adapters=256
 compilation: enabled
              stopped_count=0, restarted_count=0
 full_count=0

Compilation events (20 events):
Event: 0.159 Thread 0x0000020023652000  178       3       java.lang.StringLatin1::lastIndexOf (40 bytes)
Event: 0.159 Thread 0x0000020023652000 nmethod 178 0x000002000c7c2d90 code [0x000002000c7c2f60, 0x000002000c7c3318]
Event: 0.159 Thread 0x0000020023652000  179       3       java.lang.StringBuilder::append (8 bytes)
Event: 0.159 Thread 0x0000020023652000 nmethod 179 0x000002000c7c3490 code [0x000002000c7c3640, 0x000002000c7c3788]
Event: 0.159 Thread 0x0000020023652000  180       3       java.lang.AbstractStringBuilder::append (45 bytes)
Event: 0.159 Thread 0x0000020023652000 nmethod 180 0x000002000c7c3810 code [0x000002000c7c3a40, 0x000002000c7c3f58]
Event: 0.160 Thread 0x0000020023652000  181       3       java.util.Arrays::copyOf (19 bytes)
Event: 0.160 Thread 0x0000020023652000 nmethod 181 0x000002000c7c4190 code [0x000002000c7c4360, 0x000002000c7c4648]
Event: 0.160 Thread 0x0000020023652000  182       3       java.lang.String::getBytes (44 bytes)
Event: 0.160 Thread 0x0000020023652000 nmethod 182 0x000002000c7c4790 code [0x000002000c7c4980, 0x000002000c7c4cb8]
Event: 0.163 Thread 0x0000020023652000  184       3       java.lang.Class::getName (18 bytes)
Event: 0.163 Thread 0x0000020023652000 nmethod 184 0x000002000c7c4e10 code [0x000002000c7c4fc0, 0x000002000c7c5148]
Event: 0.165 Thread 0x0000020023652000  185       3       java.lang.StringLatin1::replace (196 bytes)
Event: 0.166 Thread 0x0000020023652000 nmethod 185 0x000002000c7c5210 code [0x000002000c7c5480, 0x000002000c7c60d8]
Event: 0.166 Thread 0x0000020023652000  186       3       java.lang.AbstractStringBuilder::newCapacity (55 bytes)
Event: 0.166 Thread 0x0000020023652000 nmethod 186 0x000002000c7c6590 code [0x000002000c7c6760, 0x000002000c7c6988]
Event: 0.166 Thread 0x0000020023652000  187       3       java.lang.String::isEmpty (14 bytes)
Event: 0.166 Thread 0x0000020023652000 nmethod 187 0x000002000c7c6a90 code [0x000002000c7c6c40, 0x000002000c7c6d98]
Event: 0.166 Thread 0x0000020023652000  188       3       java.lang.String::startsWith (138 bytes)
Event: 0.167 Thread 0x0000020023652000 nmethod 188 0x000002000c7c6e90 code [0x000002000c7c70c0, 0x000002000c7c7a78]

GC Heap History (0 events):
No events

Deoptimization events (4 events):
Event: 0.158 Thread 0x00000200085da000 Uncommon trap: trap_request=0xffffff4d fr.pc=0x0000020013ccb330 relative=0x0000000000000070
Event: 0.158 Thread 0x00000200085da000 Uncommon trap: reason=unstable_if action=reinterpret pc=0x0000020013ccb330 method=java.lang.String.isLatin1()Z @ 10 c2
Event: 0.158 Thread 0x00000200085da000 DEOPT PACKING pc=0x0000020013ccb330 sp=0x00000039291fee30
Event: 0.158 Thread 0x00000200085da000 DEOPT UNPACKING pc=0x000002000c2174af sp=0x00000039291fed70 mode 2

Classes redefined (0 events):
No events

Internal exceptions (0 events):
No events

Events (20 events):
Event: 0.165 loading class jssc/SerialPort
Event: 0.165 loading class jssc/SerialPort done
Event: 0.165 loading class java/net/Socket$2
Event: 0.165 loading class java/net/Socket$2 done
Event: 0.165 loading class java/net/SocketInputStream
Event: 0.165 loading class java/net/SocketInputStream done
Event: 0.165 loading class sun/nio/cs/StreamDecoder
Event: 0.165 loading class sun/nio/cs/StreamDecoder done
Event: 0.165 loading class sun/nio/cs/US_ASCII$Decoder
Event: 0.165 loading class sun/nio/cs/US_ASCII$Decoder done
Event: 0.166 loading class java/lang/InterruptedException
Event: 0.166 loading class java/lang/InterruptedException done
Event: 0.166 loading class jssc/SerialPortTimeoutException
Event: 0.166 loading class jssc/SerialPortTimeoutException done
Event: 0.166 loading class jssc/SerialPort$EventThread
Event: 0.166 loading class jssc/SerialPort$EventThread done
Event: 0.166 loading class jssc/SerialPort$LinuxEventThread
Event: 0.166 loading class jssc/SerialPort$LinuxEventThread done
Event: 0.167 loading class java/lang/SecurityException
Event: 0.167 loading class java/lang/SecurityException done


Dynamic libraries:
0x00007ff770390000 - 0x00007ff77039a000 	C:\Program Files\JetBrains\IntelliJ IDEA 2019.3.3\jbr\bin\java.exe
0x00007ffdf70b0000 - 0x00007ffdf72a5000 	C:\WINDOWS\SYSTEM32\ntdll.dll
0x00007ffdf5120000 - 0x00007ffdf51dd000 	C:\WINDOWS\System32\KERNEL32.DLL
0x00007ffdf4be0000 - 0x00007ffdf4ea8000 	C:\WINDOWS\System32\KERNELBASE.dll
0x00007ffdf4eb0000 - 0x00007ffdf4fb0000 	C:\WINDOWS\System32\ucrtbase.dll
0x00007ffddeaf0000 - 0x00007ffddeb09000 	C:\Program Files\JetBrains\IntelliJ IDEA 2019.3.3\jbr\bin\jli.dll
0x00007ffddead0000 - 0x00007ffddeae7000 	C:\Program Files\JetBrains\IntelliJ IDEA 2019.3.3\jbr\bin\VCRUNTIME140.dll
0x00007ffdf5360000 - 0x00007ffdf5500000 	C:\WINDOWS\System32\USER32.dll
0x00007ffdf4fe0000 - 0x00007ffdf5002000 	C:\WINDOWS\System32\win32u.dll
0x00007ffdda030000 - 0x00007ffdda2ca000 	C:\WINDOWS\WinSxS\amd64_microsoft.windows.common-controls_6595b64144ccf1df_6.0.19041.844_none_ca00b6081b84eb1d\COMCTL32.dll
0x00007ffdf5830000 - 0x00007ffdf585a000 	C:\WINDOWS\System32\GDI32.dll
0x00007ffdf4870000 - 0x00007ffdf497b000 	C:\WINDOWS\System32\gdi32full.dll
0x00007ffdf5730000 - 0x00007ffdf57ce000 	C:\WINDOWS\System32\msvcrt.dll
0x00007ffdf4980000 - 0x00007ffdf4a1d000 	C:\WINDOWS\System32\msvcp_win.dll
0x00007ffdf6870000 - 0x00007ffdf68a0000 	C:\WINDOWS\System32\IMM32.DLL
0x00007ffdb88f0000 - 0x00007ffdb898d000 	C:\Program Files\JetBrains\IntelliJ IDEA 2019.3.3\jbr\bin\msvcp140.dll
0x00007ffd7cd70000 - 0x00007ffd7d83e000 	C:\Program Files\JetBrains\IntelliJ IDEA 2019.3.3\jbr\bin\server\jvm.dll
0x00007ffdf67a0000 - 0x00007ffdf684c000 	C:\WINDOWS\System32\ADVAPI32.dll
0x00007ffdf5ae0000 - 0x00007ffdf5b7b000 	C:\WINDOWS\System32\sechost.dll
0x00007ffdf6670000 - 0x00007ffdf679b000 	C:\WINDOWS\System32\RPCRT4.dll
0x00007ffdf5110000 - 0x00007ffdf5118000 	C:\WINDOWS\System32\PSAPI.DLL
0x00007ffdcc7e0000 - 0x00007ffdcc7e9000 	C:\WINDOWS\SYSTEM32\WSOCK32.dll
0x00007ffdee5b0000 - 0x00007ffdee5ba000 	C:\WINDOWS\SYSTEM32\VERSION.dll
0x00007ffdee9f0000 - 0x00007ffdeea17000 	C:\WINDOWS\SYSTEM32\WINMM.dll
0x00007ffdf5a00000 - 0x00007ffdf5a6b000 	C:\WINDOWS\System32\WS2_32.dll
0x00007ffdf2910000 - 0x00007ffdf2922000 	C:\WINDOWS\SYSTEM32\kernel.appcore.dll
0x00007ffddcdc0000 - 0x00007ffddcdd1000 	C:\Program Files\JetBrains\IntelliJ IDEA 2019.3.3\jbr\bin\verify.dll
0x00007ffdf24b0000 - 0x00007ffdf2694000 	C:\WINDOWS\SYSTEM32\DBGHELP.DLL
0x00007ffdd66a0000 - 0x00007ffdd66cc000 	C:\WINDOWS\SYSTEM32\dbgcore.DLL
0x00007ffdf47f0000 - 0x00007ffdf4870000 	C:\WINDOWS\System32\bcryptPrimitives.dll
0x00007ffdd8f10000 - 0x00007ffdd8f39000 	C:\Program Files\JetBrains\IntelliJ IDEA 2019.3.3\jbr\bin\java.dll
0x00007ffde1280000 - 0x00007ffde128b000 	C:\Program Files\JetBrains\IntelliJ IDEA 2019.3.3\jbr\bin\jimage.dll
0x00007ffdef0a0000 - 0x00007ffdef0af000 	C:\Program Files\JetBrains\IntelliJ IDEA 2019.3.3\jbr\bin\instrument.dll
0x00007ffdd9560000 - 0x00007ffdd9578000 	C:\Program Files\JetBrains\IntelliJ IDEA 2019.3.3\jbr\bin\zip.dll
0x00007ffdf5f20000 - 0x00007ffdf6662000 	C:\WINDOWS\System32\SHELL32.dll
0x00007ffdf2930000 - 0x00007ffdf30c1000 	C:\WINDOWS\SYSTEM32\windows.storage.dll
0x00007ffdf68a0000 - 0x00007ffdf6bf5000 	C:\WINDOWS\System32\combase.dll
0x00007ffdf4260000 - 0x00007ffdf428c000 	C:\WINDOWS\SYSTEM32\Wldp.dll
0x00007ffdf5b80000 - 0x00007ffdf5c2e000 	C:\WINDOWS\System32\SHCORE.dll
0x00007ffdf57d0000 - 0x00007ffdf5825000 	C:\WINDOWS\System32\shlwapi.dll
0x00007ffdf4730000 - 0x00007ffdf474f000 	C:\WINDOWS\SYSTEM32\profapi.dll
0x00007ffdd9030000 - 0x00007ffdd904a000 	C:\Program Files\JetBrains\IntelliJ IDEA 2019.3.3\jbr\bin\net.dll
0x00007ffdddea0000 - 0x00007ffdddfab000 	C:\WINDOWS\SYSTEM32\WINHTTP.dll
0x00007ffdf3fd0000 - 0x00007ffdf403a000 	C:\WINDOWS\system32\mswsock.dll
0x00007ffdd8c80000 - 0x00007ffdd8c94000 	C:\Program Files\JetBrains\IntelliJ IDEA 2019.3.3\jbr\bin\nio.dll
0x00007ffddea30000 - 0x00007ffddea4a000 	C:\Program Files\JetBrains\IntelliJ IDEA 2019.3.3\bin\breakgen64.dll
0x0000000071100000 - 0x0000000071125000 	C:\Users\Cristi\.jssc\windows\jSSC-2.8_x86_64.dll

dbghelp: loaded successfully - version: 4.0.5 - missing functions: none
symbol engine: initialized successfully - sym options: 0x614 - pdb path: .;C:\Program Files\JetBrains\IntelliJ IDEA 2019.3.3\jbr\bin;C:\WINDOWS\SYSTEM32;C:\WINDOWS\WinSxS\amd64_microsoft.windows.common-controls_6595b64144ccf1df_6.0.19041.844_none_ca00b6081b84eb1d;C:\Program Files\JetBrains\IntelliJ IDEA 2019.3.3\jbr\bin\server;C:\Program Files\JetBrains\IntelliJ IDEA 2019.3.3\bin;C:\Users\Cristi\.jssc\windows

VM Arguments:
jvm_args: -javaagent:C:\Program Files\JetBrains\IntelliJ IDEA 2019.3.3\lib\idea_rt.jar=59569:C:\Program Files\JetBrains\IntelliJ IDEA 2019.3.3\bin -Dfile.encoding=UTF-8 
java_command: Read_String
java_class_path (initial): D:\Facultate\Licenta_Todor_Ivascu\Arduino_Data\target\classes;C:\Users\Cristi\.m2\repository\org\scream3r\jssc\2.8.0\jssc-2.8.0.jar
Launcher Type: SUN_STANDARD

[Global flags]
     intx CICompilerCount                          = 4                                         {product} {ergonomic}
     uint ConcGCThreads                            = 3                                         {product} {ergonomic}
     uint G1ConcRefinementThreads                  = 10                                        {product} {ergonomic}
   size_t G1HeapRegionSize                         = 1048576                                   {product} {ergonomic}
    uintx GCDrainStackTargetSize                   = 64                                        {product} {ergonomic}
   size_t InitialHeapSize                          = 132120576                                 {product} {ergonomic}
   size_t MarkStackSize                            = 4194304                                   {product} {ergonomic}
   size_t MaxHeapSize                              = 2109734912                                {product} {ergonomic}
   size_t MaxNewSize                               = 1265631232                                {product} {ergonomic}
   size_t MinHeapDeltaBytes                        = 1048576                                   {product} {ergonomic}
    uintx NonNMethodCodeHeapSize                   = 5836300                                {pd product} {ergonomic}
    uintx NonProfiledCodeHeapSize                  = 122910970                              {pd product} {ergonomic}
    uintx ProfiledCodeHeapSize                     = 122910970                              {pd product} {ergonomic}
    uintx ReservedCodeCacheSize                    = 251658240                              {pd product} {ergonomic}
     bool SegmentedCodeCache                       = true                                      {product} {ergonomic}
     bool UseCompressedClassPointers               = true                                 {lp64_product} {ergonomic}
     bool UseCompressedOops                        = true                                 {lp64_product} {ergonomic}
     bool UseG1GC                                  = true                                      {product} {ergonomic}
     bool UseLargePagesIndividualAllocation        = false                                  {pd product} {ergonomic}

Logging:
Log output configuration:
 #0: stdout all=warning uptime,level,tags
 #1: stderr all=off uptime,level,tags

Environment Variables:
PATH=C:\Program Files (x86)\Common Files\Oracle\Java\javapath;D:\app\Cristi\virtual\product\12.2.0\dbhome_1\bin;C:\ProgramData\Oracle\Java\javapath;C:\Windows\system32;C:\Windows;C:\Windows\System32\Wbem;C:\Windows\System32\WindowsPowerShell\v1.0\;C:\Program Files\Intel\WiFi\bin\;C:\Program Files\Common Files\Intel\WirelessCommon\;C:\Program Files\NVIDIA Corporation\NVIDIA NvDLISR;C:\Program Files (x86)\NVIDIA Corporation\PhysX\Common;C:\WINDOWS\system32;C:\WINDOWS;C:\WINDOWS\System32\Wbem;C:\WINDOWS\System32\WindowsPowerShell\v1.0\;C:\WINDOWS\System32\OpenSSH\;C:\Program Files\dotnet\;C:\Program Files\Microsoft SQL Server\130\Tools\Binn\;C:\Program Files\Microsoft SQL Server\Client SDK\ODBC\170\Tools\Binn\;C:\Program Files (x86)\GtkSharp\2.12\bin;C:\Users\Cristi\AppData\Local\Microsoft\WindowsApps;C:\Program Files\Intel\WiFi\bin\;C:\Program Files\Common Files\Intel\WirelessCommon\;C:\Users\Cristi\AppData\Local\atom\bin;C:\Users\Cristi\AppData\Local\Programs\Microsoft VS Code\bin;C:\Users\Cristi\.dotnet\tools;C:\Users\Cristi\.dotnet\tools;C:\Users\Cristi\AppData\Local\Microsoft\WindowsApps;
USERNAME=Cristi
OS=Windows_NT
PROCESSOR_IDENTIFIER=Intel64 Family 6 Model 158 Stepping 10, GenuineIntel



---------------  S Y S T E M  ---------------

OS: Windows 10 , 64 bit Build 19041 (10.0.19041.928)
OS uptime: 2 days 2:53 hours

CPU:total 12 (initial active 12) (6 cores per cpu, 2 threads per core) family 6 model 158 stepping 10, cmov, cx8, fxsr, mmx, sse, sse2, sse3, ssse3, sse4.1, sse4.2, popcnt, avx, avx2, aes, clmul, erms, 3dnowpref, lzcnt, ht, tsc, tscinvbit, bmi1, bmi2, adx, fma

Memory: 4k page, system-wide physical 8046M (860M free)
TotalPageFile size 20846M (AvailPageFile size 6215M)
current process WorkingSet (physical memory assigned to process): 40M, peak: 40M
current process commit charge ("private bytes"): 209M, peak: 209M

vm_info: OpenJDK 64-Bit Server VM (11.0.9.1+11-b1145.77) for windows-amd64 JRE (11.0.9.1+11-b1145.77), built on Jan 16 2021 05:14:13 by "" with MS VC++ 14.0 (VS2015)

END.
